[09:49:24] [ServerMain/INFO]: [bootstrap] Running Java 21 (OpenJDK 64-Bit Server VM 21.0.9+10-LTS; Eclipse Adoptium Temurin-21.0.9+10) on Linux 6.18.5-arch1-1 (amd64)
[09:49:24] [ServerMain/INFO]: [bootstrap] Loading Paper 1.21.11-88-main@8556cb4 (2026-01-05T09:39:44Z) for Minecraft 1.21.11
[09:49:25] [ServerMain/INFO]: [PluginInitializerManager] Initializing plugins...
[09:49:26] [ServerMain/INFO]: [PluginInitializerManager] Initialized 3 plugins
[09:49:26] [ServerMain/INFO]: [PluginInitializerManager] Bukkit plugins (3):
 - Essentials (2.22.0-dev+53-9ad754b), EssentialsSelectors (2.1.0), WorldEdit (7.3.18+7298-4383852)
[09:49:30] [ServerMain/INFO]: Environment: Environment[sessionHost=https://sessionserver.mojang.com, servicesHost=https://api.minecraftservices.com, profilesHost=https://api.mojang.com, name=PROD]
[09:49:31] [ServerMain/INFO]: Found new data pack file/bukkit, loading it automatically
[09:49:31] [ServerMain/INFO]: Found new data pack paper, loading it automatically
[09:49:31] [ServerMain/INFO]: No existing world data, creating new world
[09:49:31] [ServerMain/ERROR]: No key layers in MapLike[{}]
[09:49:32] [ServerMain/INFO]: Loaded 1470 recipes
[09:49:32] [ServerMain/INFO]: Loaded 1584 advancements
[09:49:32] [ServerMain/INFO]: [ca.spottedleaf.dataconverter.minecraft.datatypes.MCTypeRegistry] Initialising converters for DataConverter...
[09:49:33] [ServerMain/INFO]: [ca.spottedleaf.dataconverter.minecraft.datatypes.MCTypeRegistry] Finished initialising converters for DataConverter in 888.8ms
[09:49:33] [Server thread/INFO]: Starting minecraft server version 1.21.11
[09:49:33] [Server thread/INFO]: Loading properties
[09:49:33] [Server thread/INFO]: This server is running Paper version 1.21.11-88-main@8556cb4 (2026-01-05T09:39:44Z) (Implementing API version 1.21.11-R0.1-SNAPSHOT)
[09:49:33] [Server thread/INFO]: [spark] This server bundles the spark profiler. For more information please visit https://docs.papermc.io/paper/profiling
[09:49:34] [Server thread/INFO]: Server Ping Player Sample Count: 12
[09:49:34] [Server thread/INFO]: Using 4 threads for Netty based IO
[09:49:34] [Server thread/INFO]: [MoonriseCommon] Paper is using 3 worker threads, 1 I/O threads
[09:49:34] [Server thread/INFO]: Default game type: CREATIVE
[09:49:34] [Server thread/INFO]: Generating keypair
[09:49:34] [Server thread/INFO]: Starting Minecraft server on *:25565
[09:49:34] [Server thread/INFO]: Paper: Using libdeflate (Linux x86_64) compression from Velocity.
[09:49:34] [Server thread/INFO]: Paper: Using OpenSSL 3.x.x (Linux x86_64) cipher from Velocity.
[09:49:35] [Server thread/INFO]: [WorldEdit] Loading server plugin WorldEdit v7.3.18+7298-4383852
[09:49:35] [Server thread/INFO]: Got request to register class com.sk89q.worldedit.bukkit.BukkitServerInterface with WorldEdit [com.sk89q.worldedit.extension.platform.PlatformManager@5634ffdf]
[09:49:35] [Server thread/INFO]: [EssentialsSelectors] Loading server plugin EssentialsSelectors v2.1.0
[09:49:35] [Server thread/INFO]: [Essentials] Loading server plugin Essentials v2.22.0-dev+53-9ad754b
[09:49:35] [Server thread/INFO]: Server permissions file permissions.yml is empty, ignoring it
[09:49:35] [Server thread/INFO]: [WorldEdit] Enabling WorldEdit v7.3.18+7298-4383852
[09:49:35] [Server thread/INFO]: Registering commands with com.sk89q.worldedit.bukkit.BukkitServerInterface
[09:49:35] [Server thread/INFO]: WEPIF: Using the Bukkit Permissions API.
[09:49:35] [Server thread/INFO]: Using com.sk89q.worldedit.bukkit.adapter.impl.v1_21_11.PaperweightAdapter as the Bukkit adapter
[09:49:36] [Server thread/WARN]: **** SERVER IS RUNNING IN OFFLINE/INSECURE MODE!
[09:49:36] [Server thread/WARN]: The server will make no attempt to authenticate usernames. Beware.
[09:49:36] [Server thread/WARN]: While this makes the game possible to play without internet access, it also opens up the ability for hackers to connect with any username they choose.
[09:49:36] [Server thread/WARN]: To change this, set "online-mode" to "true" in the server.properties file.
[09:49:36] [Server thread/INFO]: Preparing level "world"
[09:49:36] [Server thread/ERROR]: No key layers in MapLike[{}]
[09:49:37] [Server thread/INFO]: Selecting spawn point for world 'minecraft:overworld'...
[09:49:37] [Server thread/INFO]: Loading 0 persistent chunks for world 'minecraft:overworld'...
[09:49:37] [Server thread/INFO]: Preparing spawn area: 100%
[09:49:37] [Server thread/INFO]: Prepared spawn area in 484 ms
[09:49:37] [Server thread/INFO]: Loading 0 persistent chunks for world 'minecraft:the_nether'...
[09:49:37] [Server thread/INFO]: Prepared spawn area in 0 ms
[09:49:37] [Server thread/INFO]: Loading 0 persistent chunks for world 'minecraft:the_end'...
[09:49:37] [Server thread/INFO]: Prepared spawn area in 0 ms
[09:49:37] [Server thread/INFO]: Done preparing level "world" (1.102s)
[09:49:37] [Server thread/INFO]: [EssentialsSelectors] Enabling EssentialsSelectors v2.1.0
[09:49:37] [Server thread/INFO]: [Essentials] Enabling Essentials v2.22.0-dev+53-9ad754b
[09:49:38] [Server thread/WARN]: [Essentials] Version mismatch! Please update EssentialsSelectors to the same version.
[09:49:38] [Server thread/INFO]: [Essentials] Attempting to convert old kits in config.yml to new kits.yml
[09:49:38] [Server thread/INFO]: [Essentials] No kits found to migrate.
[09:49:38] [Server thread/INFO]: [Essentials] Selected 1.11+ Item Unbreakable Provider as the provider for ItemUnbreakableProvider
[09:49:38] [Server thread/INFO]: [Essentials] Selected 1.12.2+ Player Locale Provider as the provider for PlayerLocaleProvider
[09:49:38] [Server thread/INFO]: [Essentials] Selected 1.20.4+ Damage Event Provider as the provider for DamageEventProvider
[09:49:38] [Server thread/INFO]: [Essentials] Selected Reflection Formatted Command Alias Provider as the provider for FormattedCommandAliasProvider
[09:49:38] [Server thread/INFO]: [Essentials] Selected 1.12+ Spawner Block Provider as the provider for SpawnerBlockProvider
[09:49:38] [Server thread/INFO]: [Essentials] Selected 1.20.5+ Banner Data Provider as the provider for BannerDataProvider
[09:49:38] [Server thread/INFO]: [Essentials] Selected Reflection Online Mode Provider as the provider for OnlineModeProvider
[09:49:38] [Server thread/INFO]: [Essentials] Selected Paper Container Provider as the provider for ContainerProvider
[09:49:38] [Server thread/INFO]: [Essentials] Selected 1.20.6+ Potion Meta Provider as the provider for PotionMetaProvider
[09:49:38] [Server thread/INFO]: [Essentials] Selected 1.8.3+ Spawner Item Provider as the provider for SpawnerItemProvider
[09:49:38] [Server thread/INFO]: [Essentials] Selected Legacy Biome Name Provider as the provider for BiomeNameProvider
[09:49:38] [Server thread/INFO]: [Essentials] Selected 1.14+ Sign Data Provider as the provider for SignDataProvider
[09:49:38] [Server thread/INFO]: [Essentials] Selected Paper Serialization Provider as the provider for SerializationProvider
[09:49:38] [Server thread/INFO]: [Essentials] Selected 1.17.1+ World Info Provider as the provider for WorldInfoProvider
[09:49:38] [Server thread/INFO]: [Essentials] Selected 1.21.4+ Sync Commands Provider as the provider for SyncCommandsProvider
[09:49:38] [Server thread/INFO]: [Essentials] Selected Paper Known Commands Provider as the provider for KnownCommandsProvider
[09:49:38] [Server thread/INFO]: [Essentials] Selected 1.21+ InventoryView Interface ABI Provider as the provider for InventoryViewProvider
[09:49:38] [Server thread/INFO]: [Essentials] Selected Paper Biome Key Provider as the provider for BiomeKeyProvider
[09:49:38] [Server thread/INFO]: [Essentials] Selected Paper Tick Count Provider as the provider for TickCountProvider
[09:49:38] [Server thread/INFO]: [Essentials] Selected 1.13+ Spawn Egg Provider as the provider for SpawnEggProvider
[09:49:38] [Server thread/INFO]: [Essentials] Selected Paper Material Tag Provider as the provider for MaterialTagProvider
[09:49:38] [Server thread/INFO]: [Essentials] Selected 1.14.4+ Persistent Data Container Provider as the provider for PersistentDataProvider
[09:49:38] [Server thread/INFO]: [Essentials] Selected Paper Server State Provider as the provider for ServerStateProvider
[09:49:38] [Server thread/INFO]: [Essentials] Loaded 46309 items from items.json.
[09:49:38] [Server thread/INFO]: [Essentials] Using locale en_US
[09:49:38] [Server thread/INFO]: [Essentials] ServerListPingEvent: Spigot iterator API
[09:49:39] [Server thread/INFO]: [Essentials] Starting Metrics. Opt-out using the global bStats config.
[09:49:39] [Server thread/INFO]: [Essentials] Using superperms-based permissions.
[09:49:39] [Server thread/INFO]: [spark] Starting background profiler...
[09:49:39] [Server thread/INFO]: Starting remote control listener
[09:49:39] [Server thread/INFO]: Thread RCON Listener started
[09:49:39] [Server thread/INFO]: RCON running on 0.0.0.0:25575
[09:49:39] [Server thread/INFO]: Running delayed init tasks
[09:49:39] [Craft Scheduler Thread - 3 - Essentials/INFO]: [Essentials] Fetching version information...
[09:49:39] [Server thread/INFO]: Done (16.149s)! For help, type "help"
[09:49:39] [Paper Async Task Handler Thread - 1/INFO]: *** Currently you are 8 build(s) behind ***
[09:49:39] [Paper Async Task Handler Thread - 1/INFO]: *** It is highly recommended to download the latest build from https://papermc.io/downloads/paper ***
[09:49:40] [Craft Scheduler Thread - 3 - Essentials/WARN]: [Essentials] You're 2 EssentialsX dev build(s) out of date!
[09:49:40] [Craft Scheduler Thread - 3 - Essentials/WARN]: [Essentials] Download it here: https://essentialsx.net/downloads.html
[09:50:39] [User Authenticator #0/INFO]: UUID of player luca is 3f8ee265-be64-3acc-bf1c-59c00bbe2c6e
[09:50:41] [Server thread/INFO]: luca joined the game
[09:50:41] [Server thread/INFO]: luca[/127.0.0.1:35224] logged in with entity id 1 at ([world]10.5, -60.0, 9.5)
[09:50:54] [Server thread/INFO]: luca issued server command: //schem list
[09:51:03] [Server thread/INFO]: luca issued server command: //schem load /devschematics/redeploy
[09:51:03] [WorldEdit Task Executor - 0/INFO]: luca loaded /home/sainenco/Code/MinecraftVerilog/devschematics/redeploy.schematic
[09:51:04] [Server thread/INFO]: luca issued server command: //paste
[09:55:40] [Server thread/INFO]: luca issued server command: //undo
[09:55:45] [Server thread/INFO]: luca issued server command: //schem load /devschematics/redeploy
[09:55:46] [WorldEdit Task Executor - 1/INFO]: luca loaded /home/sainenco/Code/MinecraftVerilog/devschematics/redeploy.schematic
[09:55:47] [Server thread/INFO]: luca issued server command: //paste
[09:57:20] [Server thread/INFO]: luca issued server command: //undo
[09:57:28] [Server thread/INFO]: luca issued server command: //schem load /devschematics/redeploy
[09:57:29] [WorldEdit Task Executor - 2/INFO]: luca loaded /home/sainenco/Code/MinecraftVerilog/devschematics/redeploy.schematic
[09:57:30] [Server thread/INFO]: luca issued server command: //paste
[09:59:23] [Server thread/INFO]: luca issued server command: //set copper_bulb
[09:59:31] [Server thread/INFO]: luca issued server command: //undo
[09:59:40] [Server thread/INFO]: luca issued server command: /difficulty peaceful
[09:59:40] [Server thread/INFO]: [luca: The difficulty has been set to Peaceful]
[10:00:57] [Server thread/INFO]: luca issued server command: //undo
[10:01:04] [Server thread/INFO]: luca issued server command: /time set day
[10:01:07] [Server thread/INFO]: luca issued server command: //schem load /devschematics/redeploy
[10:01:07] [WorldEdit Task Executor - 3/INFO]: luca loaded /home/sainenco/Code/MinecraftVerilog/devschematics/redeploy.schematic
[10:01:11] [Server thread/INFO]: luca issued server command: //paste
[10:04:33] [Server thread/INFO]: luca issued server command: //undo
[10:04:35] [Server thread/INFO]: luca issued server command: //schem load /devschematics/redeploy
[10:04:35] [WorldEdit Task Executor - 4/INFO]: luca loaded /home/sainenco/Code/MinecraftVerilog/devschematics/redeploy.schematic
[10:04:36] [Server thread/INFO]: luca issued server command: //paste
[10:05:39] [Server thread/INFO]: luca issued server command: //undo
[10:05:40] [Server thread/INFO]: luca issued server command: //schem load /devschematics/redeploy
[10:05:40] [WorldEdit Task Executor - 5/INFO]: luca loaded /home/sainenco/Code/MinecraftVerilog/devschematics/redeploy.schematic
[10:05:42] [Server thread/INFO]: luca issued server command: //paste
[10:06:32] [Server thread/INFO]: luca issued server command: //undo
[10:06:35] [Server thread/INFO]: luca issued server command: //schem load /devschematics/redeploy
[10:06:35] [WorldEdit Task Executor - 5/INFO]: luca loaded /home/sainenco/Code/MinecraftVerilog/devschematics/redeploy.schematic
[10:06:36] [Server thread/INFO]: luca issued server command: //paste
[10:07:04] [Server thread/INFO]: luca lost connection: Disconnected
[10:07:04] [Server thread/INFO]: luca left the game
[10:07:09] [User Authenticator #1/INFO]: UUID of player luca is 3f8ee265-be64-3acc-bf1c-59c00bbe2c6e
[10:07:09] [Server thread/INFO]: luca joined the game
[10:07:09] [Server thread/INFO]: luca[/127.0.0.1:44966] logged in with entity id 1164 at ([world]231.9347035035553, -56.0, 252.92876521288017)
[10:24:17] [Server thread/INFO]: luca issued server command: //undo
[10:24:19] [Server thread/INFO]: luca issued server command: //schem load /devschematics/redeploy
[10:24:19] [WorldEdit Task Executor - 6/INFO]: luca loaded /home/sainenco/Code/MinecraftVerilog/devschematics/redeploy.schematic
[10:24:20] [Server thread/INFO]: luca issued server command: //paste
[10:52:20] [Server thread/INFO]: luca issued server command: /give luca minecraft:copper_bulb
[11:03:14] [Server thread/INFO]: luca issued server command: //undo
[11:03:17] [Server thread/INFO]: luca issued server command: //schem load /devschematics/redeploy
[11:03:17] [WorldEdit Task Executor - 7/INFO]: luca loaded /home/sainenco/Code/MinecraftVerilog/devschematics/redeploy.schem
[11:03:20] [Server thread/INFO]: luca issued server command: //paste
[11:04:20] [Server thread/INFO]: luca issued server command: //undo
[11:04:22] [Server thread/INFO]: luca issued server command: //paste
[11:04:25] [Server thread/INFO]: luca issued server command: //undo
[11:04:27] [Server thread/INFO]: luca issued server command: //schem load /devschematics/redeploy
[11:04:27] [WorldEdit Task Executor - 8/INFO]: luca loaded /home/sainenco/Code/MinecraftVerilog/devschematics/redeploy.schem
[11:04:28] [Server thread/INFO]: luca issued server command: //paste
[11:05:27] [Server thread/INFO]: luca issued server command: //undo
[11:05:29] [Server thread/INFO]: luca issued server command: //schem load /devschematics/redeploy
[11:05:29] [WorldEdit Task Executor - 9/INFO]: luca loaded /home/sainenco/Code/MinecraftVerilog/devschematics/redeploy.schem
[11:05:30] [Server thread/INFO]: luca issued server command: //paste
[11:13:04] [Server thread/INFO]: luca issued server command: //undo
[11:13:06] [Server thread/INFO]: luca issued server command: //schem load /devschematics/redeploy
[11:13:06] [WorldEdit Task Executor - 10/INFO]: luca loaded /home/sainenco/Code/MinecraftVerilog/devschematics/redeploy.schem
[11:13:08] [Server thread/INFO]: luca issued server command: //paste
[11:15:09] [Server thread/INFO]: luca issued server command: //undo
[11:15:11] [Server thread/INFO]: luca issued server command: //schem load /devschematics/redeploy
[11:15:11] [WorldEdit Task Executor - 11/INFO]: luca loaded /home/sainenco/Code/MinecraftVerilog/devschematics/redeploy.schem
[11:15:14] [Server thread/INFO]: luca issued server command: //paste
[11:22:25] [Server thread/INFO]: luca issued server command: //undo
[11:22:27] [Server thread/INFO]: luca issued server command: //schem load /devschematics/redeploy
[11:22:27] [WorldEdit Task Executor - 12/INFO]: luca loaded /home/sainenco/Code/MinecraftVerilog/devschematics/redeploy.schem
[11:22:29] [Server thread/INFO]: luca issued server command: //paste
[11:35:43] [Server thread/INFO]: luca lost connection: Disconnected
[11:35:43] [Server thread/INFO]: luca left the game
[11:36:14] [User Authenticator #2/INFO]: UUID of player luca is 3f8ee265-be64-3acc-bf1c-59c00bbe2c6e
[11:36:14] [Server thread/INFO]: luca joined the game
[11:36:14] [Server thread/INFO]: luca[/127.0.0.1:54972] logged in with entity id 1691 at ([world]562.2332912448426, -35.53949146231057, 522.4785323161962)
[11:36:18] [Server thread/INFO]: luca issued server command: //undo
[11:36:25] [Server thread/INFO]: luca issued server command: //schem load /devschematics/redeploy
[11:36:25] [WorldEdit Task Executor - 13/INFO]: luca loaded /home/sainenco/Code/MinecraftVerilog/devschematics/redeploy.schem
[11:36:26] [Server thread/INFO]: luca issued server command: //paste
[11:44:28] [Server thread/INFO]: luca lost connection: Disconnected
[11:44:28] [Server thread/INFO]: luca left the game
[11:47:07] [User Authenticator #3/INFO]: UUID of player luca is 3f8ee265-be64-3acc-bf1c-59c00bbe2c6e
[11:47:07] [Server thread/INFO]: luca joined the game
[11:47:08] [Server thread/INFO]: luca[/127.0.0.1:51058] logged in with entity id 1764 at ([world]602.9014127856414, -10.430605139347394, 600.6231407074662)
[11:47:10] [Server thread/INFO]: luca issued server command: //undo
[11:47:12] [Server thread/INFO]: luca issued server command: //schem load /devschematics/redeploy
[11:47:12] [WorldEdit Task Executor - 14/INFO]: luca loaded /home/sainenco/Code/MinecraftVerilog/devschematics/redeploy.schem
[11:47:14] [Server thread/INFO]: luca issued server command: //paste
[11:54:27] [Server thread/INFO]: luca issued server command: //undo
[11:54:33] [Server thread/INFO]: luca issued server command: /time set day
[11:54:35] [Server thread/INFO]: luca issued server command: //schem load /devschematics/redeploy
[11:54:35] [WorldEdit Task Executor - 15/INFO]: luca loaded /home/sainenco/Code/MinecraftVerilog/devschematics/redeploy.schem
[11:54:39] [Server thread/INFO]: luca issued server command: //paste
[12:01:37] [Server thread/INFO]: luca lost connection: Disconnected
[12:01:37] [Server thread/INFO]: luca left the game
[12:02:59] [User Authenticator #4/INFO]: UUID of player luca is 3f8ee265-be64-3acc-bf1c-59c00bbe2c6e
[12:02:59] [Server thread/INFO]: luca joined the game
[12:02:59] [Server thread/INFO]: luca[/127.0.0.1:38338] logged in with entity id 1816 at ([world]683.8911989600514, -43.30642872338358, 691.6999999880791)
[12:03:05] [Server thread/INFO]: luca issued server command: //undo
[12:03:07] [Server thread/INFO]: luca issued server command: //schem load /devschematics/redeploy
[12:03:07] [WorldEdit Task Executor - 16/INFO]: luca loaded /home/sainenco/Code/MinecraftVerilog/devschematics/redeploy.schem
[12:03:09] [Server thread/INFO]: luca issued server command: //paste
[12:03:50] [Server thread/INFO]: luca issued server command: //undo
[12:03:51] [Server thread/INFO]: luca issued server command: //schem load /devschematics/redeploy
[12:03:51] [WorldEdit Task Executor - 16/INFO]: luca loaded /home/sainenco/Code/MinecraftVerilog/devschematics/redeploy.schem
[12:03:52] [Server thread/INFO]: luca issued server command: //paste
[12:07:14] [Server thread/INFO]: luca issued server command: //undo
[12:07:16] [Server thread/INFO]: luca issued server command: //schem load /devschematics/redeploy
[12:07:16] [WorldEdit Task Executor - 17/INFO]: luca loaded /home/sainenco/Code/MinecraftVerilog/devschematics/redeploy.schem
[12:07:17] [Server thread/INFO]: luca issued server command: //paste
[12:12:06] [Server thread/INFO]: luca issued server command: /gamemode spectator
[12:12:56] [Server thread/INFO]: luca issued server command: //undo
[12:13:10] [Server thread/INFO]: luca issued server command: //schem load /devschematics/redeploy
[12:13:10] [WorldEdit Task Executor - 18/INFO]: luca loaded /home/sainenco/Code/MinecraftVerilog/devschematics/redeploy.schem
[12:13:13] [Server thread/INFO]: luca issued server command: //paste
[12:30:31] [Server thread/INFO]: luca issued server command: //undo
[12:30:32] [Server thread/INFO]: luca issued server command: //schem load /devschematics/redeploy
[12:30:32] [WorldEdit Task Executor - 19/INFO]: luca loaded /home/sainenco/Code/MinecraftVerilog/devschematics/redeploy.schem
[12:30:34] [Server thread/INFO]: luca issued server command: //paste
[12:32:42] [Server thread/INFO]: luca issued server command: //undo
[12:32:44] [Server thread/INFO]: luca issued server command: //schem load /devschematics/redeploy
[12:32:44] [WorldEdit Task Executor - 20/INFO]: luca loaded /home/sainenco/Code/MinecraftVerilog/devschematics/redeploy.schem
[12:32:45] [Server thread/INFO]: luca issued server command: //paste
[12:34:27] [Server thread/INFO]: luca issued server command: //undo
[12:34:30] [Server thread/INFO]: luca issued server command: //schem load /devschematics/redeploy
[12:34:30] [WorldEdit Task Executor - 21/INFO]: luca loaded /home/sainenco/Code/MinecraftVerilog/devschematics/redeploy.schem
[12:34:33] [Server thread/INFO]: luca issued server command: //paste
[12:34:48] [Server thread/INFO]: luca lost connection: Disconnected
[12:34:48] [Server thread/INFO]: luca left the game
